{"D:\\Documents\\Facul\\3 ano - 2 semestre\\Construção de Software (Donizete)\\repositorio\\pao-e-circo\\backend\\src\\models\\Cliente.ts": {"path":"D:\\Documents\\Facul\\3 ano - 2 semestre\\Construção de Software (Donizete)\\repositorio\\pao-e-circo\\backend\\src\\models\\Cliente.ts","all":false,"statementMap":{"0":{"start":{"line":1,"column":0},"end":{"line":1,"column":8}},"1":{"start":{"line":2,"column":0},"end":{"line":2,"column":9}},"2":{"start":{"line":3,"column":0},"end":{"line":3,"column":9}},"3":{"start":{"line":4,"column":0},"end":{"line":4,"column":13}},"4":{"start":{"line":5,"column":0},"end":{"line":5,"column":12}},"5":{"start":{"line":6,"column":0},"end":{"line":6,"column":25}},"6":{"start":{"line":7,"column":0},"end":{"line":7,"column":17}},"7":{"start":{"line":8,"column":0},"end":{"line":8,"column":42}},"8":{"start":{"line":9,"column":0},"end":{"line":9,"column":0}},"9":{"start":{"line":10,"column":0},"end":{"line":10,"column":19}},"10":{"start":{"line":11,"column":0},"end":{"line":11,"column":15}},"11":{"start":{"line":12,"column":0},"end":{"line":12,"column":33}},"12":{"start":{"line":13,"column":0},"end":{"line":13,"column":13}},"13":{"start":{"line":14,"column":0},"end":{"line":14,"column":0}},"14":{"start":{"line":15,"column":0},"end":{"line":15,"column":11}},"15":{"start":{"line":16,"column":0},"end":{"line":16,"column":15}},"16":{"start":{"line":17,"column":0},"end":{"line":17,"column":0}},"17":{"start":{"line":18,"column":0},"end":{"line":18,"column":11}},"18":{"start":{"line":19,"column":0},"end":{"line":19,"column":19}},"19":{"start":{"line":20,"column":0},"end":{"line":20,"column":0}},"20":{"start":{"line":21,"column":0},"end":{"line":21,"column":11}},"21":{"start":{"line":22,"column":0},"end":{"line":22,"column":14}},"22":{"start":{"line":23,"column":0},"end":{"line":23,"column":0}},"23":{"start":{"line":24,"column":0},"end":{"line":24,"column":25}},"24":{"start":{"line":25,"column":0},"end":{"line":25,"column":23}},"25":{"start":{"line":26,"column":0},"end":{"line":26,"column":0}},"26":{"start":{"line":27,"column":0},"end":{"line":27,"column":11}},"27":{"start":{"line":28,"column":0},"end":{"line":28,"column":17}},"28":{"start":{"line":29,"column":0},"end":{"line":29,"column":0}},"29":{"start":{"line":30,"column":0},"end":{"line":30,"column":11}},"30":{"start":{"line":31,"column":0},"end":{"line":31,"column":17}},"31":{"start":{"line":32,"column":0},"end":{"line":32,"column":0}},"32":{"start":{"line":33,"column":0},"end":{"line":33,"column":11}},"33":{"start":{"line":34,"column":0},"end":{"line":34,"column":19}},"34":{"start":{"line":35,"column":0},"end":{"line":35,"column":0}},"35":{"start":{"line":36,"column":0},"end":{"line":36,"column":11}},"36":{"start":{"line":37,"column":0},"end":{"line":37,"column":16}},"37":{"start":{"line":38,"column":0},"end":{"line":38,"column":0}},"38":{"start":{"line":39,"column":0},"end":{"line":39,"column":11}},"39":{"start":{"line":40,"column":0},"end":{"line":40,"column":16}},"40":{"start":{"line":41,"column":0},"end":{"line":41,"column":0}},"41":{"start":{"line":42,"column":0},"end":{"line":42,"column":11}},"42":{"start":{"line":43,"column":0},"end":{"line":43,"column":15}},"43":{"start":{"line":44,"column":0},"end":{"line":44,"column":1}},"44":{"start":{"line":45,"column":0},"end":{"line":45,"column":0}},"45":{"start":{"line":46,"column":0},"end":{"line":46,"column":23}}},"s":{"0":1,"1":1,"2":1,"3":1,"4":1,"5":1,"6":1,"7":1,"8":1,"9":1,"10":1,"11":1,"12":1,"13":1,"14":1,"15":1,"16":1,"17":1,"18":1,"19":1,"20":1,"21":1,"22":1,"23":1,"24":1,"25":1,"26":1,"27":1,"28":1,"29":1,"30":1,"31":1,"32":1,"33":1,"34":1,"35":1,"36":1,"37":1,"38":1,"39":1,"40":1,"41":1,"42":1,"43":1,"44":1,"45":1},"branchMap":{},"b":{},"fnMap":{},"f":{}}
,"D:\\Documents\\Facul\\3 ano - 2 semestre\\Construção de Software (Donizete)\\repositorio\\pao-e-circo\\backend\\src\\models\\Propaganda.ts": {"path":"D:\\Documents\\Facul\\3 ano - 2 semestre\\Construção de Software (Donizete)\\repositorio\\pao-e-circo\\backend\\src\\models\\Propaganda.ts","all":false,"statementMap":{"0":{"start":{"line":1,"column":0},"end":{"line":1,"column":65}},"1":{"start":{"line":2,"column":0},"end":{"line":2,"column":0}},"2":{"start":{"line":3,"column":0},"end":{"line":3,"column":22}},"3":{"start":{"line":4,"column":0},"end":{"line":4,"column":18}},"4":{"start":{"line":5,"column":0},"end":{"line":5,"column":33}},"5":{"start":{"line":6,"column":0},"end":{"line":6,"column":13}},"6":{"start":{"line":7,"column":0},"end":{"line":7,"column":0}},"7":{"start":{"line":8,"column":0},"end":{"line":8,"column":11}},"8":{"start":{"line":9,"column":0},"end":{"line":9,"column":20}},"9":{"start":{"line":10,"column":0},"end":{"line":10,"column":0}},"10":{"start":{"line":11,"column":0},"end":{"line":11,"column":11}},"11":{"start":{"line":12,"column":0},"end":{"line":12,"column":29}},"12":{"start":{"line":13,"column":0},"end":{"line":13,"column":0}},"13":{"start":{"line":14,"column":0},"end":{"line":14,"column":11}},"14":{"start":{"line":15,"column":0},"end":{"line":15,"column":24}},"15":{"start":{"line":16,"column":0},"end":{"line":16,"column":1}},"16":{"start":{"line":17,"column":0},"end":{"line":17,"column":0}},"17":{"start":{"line":18,"column":0},"end":{"line":18,"column":26}}},"s":{"0":1,"1":1,"2":1,"3":1,"4":1,"5":1,"6":1,"7":1,"8":1,"9":1,"10":1,"11":1,"12":1,"13":1,"14":1,"15":1,"16":1,"17":1},"branchMap":{},"b":{},"fnMap":{},"f":{}}
,"D:\\Documents\\Facul\\3 ano - 2 semestre\\Construção de Software (Donizete)\\repositorio\\pao-e-circo\\backend\\src\\repositórios\\ClienteRepository.ts": {"path":"D:\\Documents\\Facul\\3 ano - 2 semestre\\Construção de Software (Donizete)\\repositorio\\pao-e-circo\\backend\\src\\repositórios\\ClienteRepository.ts","all":false,"statementMap":{"0":{"start":{"line":1,"column":0},"end":{"line":1,"column":40}},"1":{"start":{"line":2,"column":0},"end":{"line":2,"column":36}},"2":{"start":{"line":3,"column":0},"end":{"line":3,"column":0}},"3":{"start":{"line":4,"column":0},"end":{"line":4,"column":29}},"4":{"start":{"line":5,"column":0},"end":{"line":5,"column":15}},"5":{"start":{"line":6,"column":0},"end":{"line":6,"column":14}},"6":{"start":{"line":7,"column":0},"end":{"line":7,"column":19}},"7":{"start":{"line":8,"column":0},"end":{"line":8,"column":17}},"8":{"start":{"line":9,"column":0},"end":{"line":9,"column":17}},"9":{"start":{"line":10,"column":0},"end":{"line":10,"column":16}},"10":{"start":{"line":11,"column":0},"end":{"line":11,"column":16}},"11":{"start":{"line":12,"column":0},"end":{"line":12,"column":19}},"12":{"start":{"line":13,"column":0},"end":{"line":13,"column":1}},"13":{"start":{"line":14,"column":0},"end":{"line":14,"column":0}},"14":{"start":{"line":15,"column":0},"end":{"line":15,"column":25}},"15":{"start":{"line":16,"column":0},"end":{"line":16,"column":35}},"16":{"start":{"line":17,"column":0},"end":{"line":17,"column":0}},"17":{"start":{"line":18,"column":0},"end":{"line":18,"column":57}},"18":{"start":{"line":19,"column":0},"end":{"line":19,"column":46}},"19":{"start":{"line":20,"column":0},"end":{"line":20,"column":52}},"20":{"start":{"line":21,"column":0},"end":{"line":21,"column":6}},"21":{"start":{"line":22,"column":0},"end":{"line":22,"column":0}},"22":{"start":{"line":23,"column":0},"end":{"line":23,"column":39}},"23":{"start":{"line":24,"column":0},"end":{"line":24,"column":0}},"24":{"start":{"line":25,"column":0},"end":{"line":25,"column":19}},"25":{"start":{"line":26,"column":0},"end":{"line":26,"column":3}},"26":{"start":{"line":27,"column":0},"end":{"line":27,"column":0}},"27":{"start":{"line":28,"column":0},"end":{"line":28,"column":67}},"28":{"start":{"line":29,"column":0},"end":{"line":29,"column":75}},"29":{"start":{"line":30,"column":0},"end":{"line":30,"column":0}},"30":{"start":{"line":31,"column":0},"end":{"line":31,"column":23}},"31":{"start":{"line":32,"column":0},"end":{"line":32,"column":3}},"32":{"start":{"line":33,"column":0},"end":{"line":33,"column":73}},"33":{"start":{"line":34,"column":0},"end":{"line":34,"column":43}},"34":{"start":{"line":35,"column":0},"end":{"line":35,"column":42}},"35":{"start":{"line":36,"column":0},"end":{"line":36,"column":6}},"36":{"start":{"line":37,"column":0},"end":{"line":37,"column":0}},"37":{"start":{"line":38,"column":0},"end":{"line":38,"column":23}},"38":{"start":{"line":39,"column":0},"end":{"line":39,"column":3}},"39":{"start":{"line":40,"column":0},"end":{"line":40,"column":0}},"40":{"start":{"line":41,"column":0},"end":{"line":41,"column":35}},"41":{"start":{"line":42,"column":0},"end":{"line":42,"column":79}},"42":{"start":{"line":43,"column":0},"end":{"line":43,"column":29}},"43":{"start":{"line":44,"column":0},"end":{"line":44,"column":3}},"44":{"start":{"line":45,"column":0},"end":{"line":45,"column":0}},"45":{"start":{"line":46,"column":0},"end":{"line":46,"column":73}},"46":{"start":{"line":47,"column":0},"end":{"line":47,"column":34}},"47":{"start":{"line":48,"column":0},"end":{"line":48,"column":0}},"48":{"start":{"line":49,"column":0},"end":{"line":49,"column":70}},"49":{"start":{"line":50,"column":0},"end":{"line":50,"column":62}},"50":{"start":{"line":51,"column":0},"end":{"line":51,"column":0}},"51":{"start":{"line":52,"column":0},"end":{"line":52,"column":18}},"52":{"start":{"line":53,"column":0},"end":{"line":53,"column":14}},"53":{"start":{"line":54,"column":0},"end":{"line":54,"column":7}},"54":{"start":{"line":55,"column":0},"end":{"line":55,"column":21}},"55":{"start":{"line":56,"column":0},"end":{"line":56,"column":8}},"56":{"start":{"line":57,"column":0},"end":{"line":57,"column":17}},"57":{"start":{"line":58,"column":0},"end":{"line":58,"column":6}},"58":{"start":{"line":59,"column":0},"end":{"line":59,"column":32}},"59":{"start":{"line":60,"column":0},"end":{"line":60,"column":0}},"60":{"start":{"line":61,"column":0},"end":{"line":61,"column":19}},"61":{"start":{"line":62,"column":0},"end":{"line":62,"column":3}},"62":{"start":{"line":63,"column":0},"end":{"line":63,"column":1}},"63":{"start":{"line":64,"column":0},"end":{"line":64,"column":0}},"64":{"start":{"line":65,"column":0},"end":{"line":65,"column":33}}},"s":{"0":1,"1":1,"2":1,"3":1,"4":1,"5":1,"6":1,"7":1,"8":1,"9":1,"10":1,"11":1,"12":1,"13":1,"14":3,"15":3,"16":3,"17":3,"18":0,"19":0,"20":0,"21":0,"22":0,"23":0,"24":0,"25":0,"26":3,"27":3,"28":0,"29":0,"30":0,"31":0,"32":3,"33":4,"34":4,"35":4,"36":4,"37":4,"38":4,"39":3,"40":3,"41":1,"42":1,"43":1,"44":3,"45":3,"46":4,"47":4,"48":4,"49":4,"50":3,"51":3,"52":3,"53":3,"54":3,"55":3,"56":3,"57":3,"58":3,"59":3,"60":3,"61":3,"62":3,"63":1,"64":1},"branchMap":{"0":{"type":"branch","line":15,"loc":{"start":{"line":15,"column":0},"end":{"line":63,"column":1}},"locations":[{"start":{"line":15,"column":0},"end":{"line":63,"column":1}}]},"1":{"type":"branch","line":33,"loc":{"start":{"line":33,"column":9},"end":{"line":39,"column":3}},"locations":[{"start":{"line":33,"column":9},"end":{"line":39,"column":3}}]},"2":{"type":"branch","line":35,"loc":{"start":{"line":35,"column":6},"end":{"line":35,"column":42}},"locations":[{"start":{"line":35,"column":6},"end":{"line":35,"column":42}}]},"3":{"type":"branch","line":41,"loc":{"start":{"line":41,"column":9},"end":{"line":44,"column":3}},"locations":[{"start":{"line":41,"column":9},"end":{"line":44,"column":3}}]},"4":{"type":"branch","line":43,"loc":{"start":{"line":43,"column":22},"end":{"line":43,"column":24}},"locations":[{"start":{"line":43,"column":22},"end":{"line":43,"column":24}}]},"5":{"type":"branch","line":42,"loc":{"start":{"line":42,"column":43},"end":{"line":42,"column":77}},"locations":[{"start":{"line":42,"column":43},"end":{"line":42,"column":77}}]},"6":{"type":"branch","line":46,"loc":{"start":{"line":46,"column":9},"end":{"line":62,"column":3}},"locations":[{"start":{"line":46,"column":9},"end":{"line":62,"column":3}}]},"7":{"type":"branch","line":50,"loc":{"start":{"line":50,"column":25},"end":{"line":50,"column":62}},"locations":[{"start":{"line":50,"column":25},"end":{"line":50,"column":62}}]},"8":{"type":"branch","line":51,"loc":{"start":{"line":51,"column":-2},"end":{"line":62,"column":3}},"locations":[{"start":{"line":51,"column":-2},"end":{"line":62,"column":3}}]}},"b":{"0":[3],"1":[4],"2":[1],"3":[1],"4":[0],"5":[1],"6":[4],"7":[1],"8":[3]},"fnMap":{"0":{"name":"ClienteRepository","decl":{"start":{"line":15,"column":0},"end":{"line":63,"column":1}},"loc":{"start":{"line":15,"column":0},"end":{"line":63,"column":1}},"line":15},"1":{"name":"save","decl":{"start":{"line":18,"column":9},"end":{"line":26,"column":3}},"loc":{"start":{"line":18,"column":9},"end":{"line":26,"column":3}},"line":18},"2":{"name":"findById","decl":{"start":{"line":28,"column":9},"end":{"line":32,"column":3}},"loc":{"start":{"line":28,"column":9},"end":{"line":32,"column":3}},"line":28},"3":{"name":"findByEmail","decl":{"start":{"line":33,"column":9},"end":{"line":39,"column":3}},"loc":{"start":{"line":33,"column":9},"end":{"line":39,"column":3}},"line":33},"4":{"name":"findByName","decl":{"start":{"line":41,"column":9},"end":{"line":44,"column":3}},"loc":{"start":{"line":41,"column":9},"end":{"line":44,"column":3}},"line":41},"5":{"name":"create","decl":{"start":{"line":46,"column":9},"end":{"line":62,"column":3}},"loc":{"start":{"line":46,"column":9},"end":{"line":62,"column":3}},"line":46}},"f":{"0":3,"1":0,"2":0,"3":4,"4":1,"5":4}}
,"D:\\Documents\\Facul\\3 ano - 2 semestre\\Construção de Software (Donizete)\\repositorio\\pao-e-circo\\backend\\src\\repositórios\\PropagandaRepository.ts": {"path":"D:\\Documents\\Facul\\3 ano - 2 semestre\\Construção de Software (Donizete)\\repositorio\\pao-e-circo\\backend\\src\\repositórios\\PropagandaRepository.ts","all":false,"statementMap":{"0":{"start":{"line":1,"column":0},"end":{"line":1,"column":46}},"1":{"start":{"line":2,"column":0},"end":{"line":2,"column":36}},"2":{"start":{"line":3,"column":0},"end":{"line":3,"column":0}},"3":{"start":{"line":4,"column":0},"end":{"line":4,"column":32}},"4":{"start":{"line":5,"column":0},"end":{"line":5,"column":20}},"5":{"start":{"line":6,"column":0},"end":{"line":6,"column":29}},"6":{"start":{"line":7,"column":0},"end":{"line":7,"column":24}},"7":{"start":{"line":8,"column":0},"end":{"line":8,"column":14}},"8":{"start":{"line":9,"column":0},"end":{"line":9,"column":1}},"9":{"start":{"line":10,"column":0},"end":{"line":10,"column":0}},"10":{"start":{"line":11,"column":0},"end":{"line":11,"column":28}},"11":{"start":{"line":12,"column":0},"end":{"line":12,"column":41}},"12":{"start":{"line":13,"column":0},"end":{"line":13,"column":0}},"13":{"start":{"line":14,"column":0},"end":{"line":14,"column":66}},"14":{"start":{"line":15,"column":0},"end":{"line":15,"column":49}},"15":{"start":{"line":16,"column":0},"end":{"line":16,"column":61}},"16":{"start":{"line":17,"column":0},"end":{"line":17,"column":6}},"17":{"start":{"line":18,"column":0},"end":{"line":18,"column":0}},"18":{"start":{"line":19,"column":0},"end":{"line":19,"column":45}},"19":{"start":{"line":20,"column":0},"end":{"line":20,"column":0}},"20":{"start":{"line":21,"column":0},"end":{"line":21,"column":22}},"21":{"start":{"line":22,"column":0},"end":{"line":22,"column":3}},"22":{"start":{"line":23,"column":0},"end":{"line":23,"column":0}},"23":{"start":{"line":24,"column":0},"end":{"line":24,"column":70}},"24":{"start":{"line":25,"column":0},"end":{"line":25,"column":49}},"25":{"start":{"line":26,"column":0},"end":{"line":26,"column":42}},"26":{"start":{"line":27,"column":0},"end":{"line":27,"column":6}},"27":{"start":{"line":28,"column":0},"end":{"line":28,"column":0}},"28":{"start":{"line":29,"column":0},"end":{"line":29,"column":26}},"29":{"start":{"line":30,"column":0},"end":{"line":30,"column":3}},"30":{"start":{"line":31,"column":0},"end":{"line":31,"column":0}},"31":{"start":{"line":32,"column":0},"end":{"line":32,"column":77}},"32":{"start":{"line":33,"column":0},"end":{"line":33,"column":49}},"33":{"start":{"line":34,"column":0},"end":{"line":34,"column":52}},"34":{"start":{"line":35,"column":0},"end":{"line":35,"column":6}},"35":{"start":{"line":36,"column":0},"end":{"line":36,"column":0}},"36":{"start":{"line":37,"column":0},"end":{"line":37,"column":26}},"37":{"start":{"line":38,"column":0},"end":{"line":38,"column":3}},"38":{"start":{"line":39,"column":0},"end":{"line":39,"column":0}},"39":{"start":{"line":40,"column":0},"end":{"line":40,"column":20}},"40":{"start":{"line":41,"column":0},"end":{"line":41,"column":45}},"41":{"start":{"line":42,"column":0},"end":{"line":42,"column":0}},"42":{"start":{"line":43,"column":0},"end":{"line":43,"column":27}},"43":{"start":{"line":44,"column":0},"end":{"line":44,"column":3}},"44":{"start":{"line":45,"column":0},"end":{"line":45,"column":0}},"45":{"start":{"line":46,"column":0},"end":{"line":46,"column":64}},"46":{"start":{"line":47,"column":0},"end":{"line":47,"column":73}},"47":{"start":{"line":48,"column":0},"end":{"line":48,"column":73}},"48":{"start":{"line":49,"column":0},"end":{"line":49,"column":59}},"49":{"start":{"line":50,"column":0},"end":{"line":50,"column":3}},"50":{"start":{"line":51,"column":0},"end":{"line":51,"column":0}},"51":{"start":{"line":52,"column":0},"end":{"line":52,"column":50}},"52":{"start":{"line":53,"column":0},"end":{"line":53,"column":73}},"53":{"start":{"line":54,"column":0},"end":{"line":54,"column":51}},"54":{"start":{"line":55,"column":0},"end":{"line":55,"column":50}},"55":{"start":{"line":56,"column":0},"end":{"line":56,"column":3}},"56":{"start":{"line":57,"column":0},"end":{"line":57,"column":0}},"57":{"start":{"line":58,"column":0},"end":{"line":58,"column":56}},"58":{"start":{"line":59,"column":0},"end":{"line":59,"column":73}},"59":{"start":{"line":60,"column":0},"end":{"line":60,"column":63}},"60":{"start":{"line":61,"column":0},"end":{"line":61,"column":54}},"61":{"start":{"line":62,"column":0},"end":{"line":62,"column":3}},"62":{"start":{"line":63,"column":0},"end":{"line":63,"column":0}},"63":{"start":{"line":64,"column":0},"end":{"line":64,"column":22}},"64":{"start":{"line":65,"column":0},"end":{"line":65,"column":40}},"65":{"start":{"line":66,"column":0},"end":{"line":66,"column":26}},"66":{"start":{"line":67,"column":0},"end":{"line":67,"column":40}},"67":{"start":{"line":68,"column":0},"end":{"line":68,"column":0}},"68":{"start":{"line":69,"column":0},"end":{"line":69,"column":78}},"69":{"start":{"line":70,"column":0},"end":{"line":70,"column":65}},"70":{"start":{"line":71,"column":0},"end":{"line":71,"column":0}},"71":{"start":{"line":72,"column":0},"end":{"line":72,"column":18}},"72":{"start":{"line":73,"column":0},"end":{"line":73,"column":17}},"73":{"start":{"line":74,"column":0},"end":{"line":74,"column":7}},"74":{"start":{"line":75,"column":0},"end":{"line":75,"column":21}},"75":{"start":{"line":76,"column":0},"end":{"line":76,"column":8}},"76":{"start":{"line":77,"column":0},"end":{"line":77,"column":20}},"77":{"start":{"line":78,"column":0},"end":{"line":78,"column":6}},"78":{"start":{"line":79,"column":0},"end":{"line":79,"column":38}},"79":{"start":{"line":80,"column":0},"end":{"line":80,"column":0}},"80":{"start":{"line":81,"column":0},"end":{"line":81,"column":22}},"81":{"start":{"line":82,"column":0},"end":{"line":82,"column":3}},"82":{"start":{"line":83,"column":0},"end":{"line":83,"column":1}},"83":{"start":{"line":84,"column":0},"end":{"line":84,"column":0}},"84":{"start":{"line":85,"column":0},"end":{"line":85,"column":36}}},"s":{"0":1,"1":1,"2":1,"3":1,"4":1,"5":1,"6":1,"7":1,"8":1,"9":1,"10":6,"11":6,"12":6,"13":6,"14":0,"15":0,"16":0,"17":0,"18":0,"19":0,"20":0,"21":0,"22":6,"23":6,"24":0,"25":0,"26":0,"27":0,"28":0,"29":0,"30":6,"31":6,"32":9,"33":9,"34":9,"35":9,"36":9,"37":9,"38":6,"39":6,"40":1,"41":1,"42":1,"43":1,"44":6,"45":6,"46":1,"47":1,"48":1,"49":1,"50":6,"51":6,"52":1,"53":1,"54":1,"55":1,"56":6,"57":6,"58":1,"59":1,"60":1,"61":1,"62":6,"63":6,"64":9,"65":9,"66":9,"67":9,"68":9,"69":9,"70":8,"71":8,"72":8,"73":8,"74":8,"75":8,"76":8,"77":8,"78":8,"79":8,"80":8,"81":8,"82":6,"83":1,"84":1},"branchMap":{"0":{"type":"branch","line":11,"loc":{"start":{"line":11,"column":0},"end":{"line":83,"column":1}},"locations":[{"start":{"line":11,"column":0},"end":{"line":83,"column":1}}]},"1":{"type":"branch","line":32,"loc":{"start":{"line":32,"column":9},"end":{"line":38,"column":3}},"locations":[{"start":{"line":32,"column":9},"end":{"line":38,"column":3}}]},"2":{"type":"branch","line":34,"loc":{"start":{"line":34,"column":6},"end":{"line":34,"column":52}},"locations":[{"start":{"line":34,"column":6},"end":{"line":34,"column":52}}]},"3":{"type":"branch","line":40,"loc":{"start":{"line":40,"column":9},"end":{"line":44,"column":3}},"locations":[{"start":{"line":40,"column":9},"end":{"line":44,"column":3}}]},"4":{"type":"branch","line":46,"loc":{"start":{"line":46,"column":9},"end":{"line":50,"column":3}},"locations":[{"start":{"line":46,"column":9},"end":{"line":50,"column":3}}]},"5":{"type":"branch","line":47,"loc":{"start":{"line":47,"column":50},"end":{"line":47,"column":71}},"locations":[{"start":{"line":47,"column":50},"end":{"line":47,"column":71}}]},"6":{"type":"branch","line":52,"loc":{"start":{"line":52,"column":9},"end":{"line":56,"column":3}},"locations":[{"start":{"line":52,"column":9},"end":{"line":56,"column":3}}]},"7":{"type":"branch","line":53,"loc":{"start":{"line":53,"column":50},"end":{"line":53,"column":71}},"locations":[{"start":{"line":53,"column":50},"end":{"line":53,"column":71}}]},"8":{"type":"branch","line":58,"loc":{"start":{"line":58,"column":9},"end":{"line":62,"column":3}},"locations":[{"start":{"line":58,"column":9},"end":{"line":62,"column":3}}]},"9":{"type":"branch","line":59,"loc":{"start":{"line":59,"column":50},"end":{"line":59,"column":71}},"locations":[{"start":{"line":59,"column":50},"end":{"line":59,"column":71}}]},"10":{"type":"branch","line":64,"loc":{"start":{"line":64,"column":9},"end":{"line":82,"column":3}},"locations":[{"start":{"line":64,"column":9},"end":{"line":82,"column":3}}]},"11":{"type":"branch","line":70,"loc":{"start":{"line":70,"column":25},"end":{"line":70,"column":65}},"locations":[{"start":{"line":70,"column":25},"end":{"line":70,"column":65}}]},"12":{"type":"branch","line":71,"loc":{"start":{"line":71,"column":-2},"end":{"line":82,"column":3}},"locations":[{"start":{"line":71,"column":-2},"end":{"line":82,"column":3}}]}},"b":{"0":[6],"1":[9],"2":[4],"3":[1],"4":[1],"5":[1],"6":[1],"7":[1],"8":[1],"9":[1],"10":[9],"11":[1],"12":[8]},"fnMap":{"0":{"name":"PropagandaRepository","decl":{"start":{"line":11,"column":0},"end":{"line":83,"column":1}},"loc":{"start":{"line":11,"column":0},"end":{"line":83,"column":1}},"line":11},"1":{"name":"save","decl":{"start":{"line":14,"column":9},"end":{"line":22,"column":3}},"loc":{"start":{"line":14,"column":9},"end":{"line":22,"column":3}},"line":14},"2":{"name":"findById","decl":{"start":{"line":24,"column":9},"end":{"line":30,"column":3}},"loc":{"start":{"line":24,"column":9},"end":{"line":30,"column":3}},"line":24},"3":{"name":"findByImagem","decl":{"start":{"line":32,"column":9},"end":{"line":38,"column":3}},"loc":{"start":{"line":32,"column":9},"end":{"line":38,"column":3}},"line":32},"4":{"name":"findAll","decl":{"start":{"line":40,"column":9},"end":{"line":44,"column":3}},"loc":{"start":{"line":40,"column":9},"end":{"line":44,"column":3}},"line":40},"5":{"name":"updateEmpresa","decl":{"start":{"line":46,"column":9},"end":{"line":50,"column":3}},"loc":{"start":{"line":46,"column":9},"end":{"line":50,"column":3}},"line":46},"6":{"name":"updateImagem","decl":{"start":{"line":52,"column":9},"end":{"line":56,"column":3}},"loc":{"start":{"line":52,"column":9},"end":{"line":56,"column":3}},"line":52},"7":{"name":"updateData","decl":{"start":{"line":58,"column":9},"end":{"line":62,"column":3}},"loc":{"start":{"line":58,"column":9},"end":{"line":62,"column":3}},"line":58},"8":{"name":"create","decl":{"start":{"line":64,"column":9},"end":{"line":82,"column":3}},"loc":{"start":{"line":64,"column":9},"end":{"line":82,"column":3}},"line":64}},"f":{"0":6,"1":0,"2":0,"3":9,"4":1,"5":1,"6":1,"7":1,"8":9}}
}
