TN:
SF:src\models\Cliente.ts
FNF:0
FNH:0
DA:1,1
DA:2,1
DA:3,1
DA:4,1
DA:5,1
DA:6,1
DA:7,1
DA:8,1
DA:9,1
DA:10,1
DA:11,1
DA:12,1
DA:13,1
DA:14,1
DA:15,1
DA:16,1
DA:17,1
DA:18,1
DA:19,1
DA:20,1
DA:21,1
DA:22,1
DA:23,1
DA:24,1
DA:25,1
DA:26,1
DA:27,1
DA:28,1
DA:29,1
DA:30,1
DA:31,1
DA:32,1
DA:33,1
DA:34,1
DA:35,1
DA:36,1
DA:37,1
DA:38,1
DA:39,1
DA:40,1
DA:41,1
DA:42,1
DA:43,1
DA:44,1
DA:45,1
DA:46,1
LF:46
LH:46
BRF:0
BRH:0
end_of_record
TN:
SF:src\models\Propaganda.ts
FNF:0
FNH:0
DA:1,1
DA:2,1
DA:3,1
DA:4,1
DA:5,1
DA:6,1
DA:7,1
DA:8,1
DA:9,1
DA:10,1
DA:11,1
DA:12,1
DA:13,1
DA:14,1
DA:15,1
DA:16,1
DA:17,1
DA:18,1
LF:18
LH:18
BRF:0
BRH:0
end_of_record
TN:
SF:src\repositórios\ClienteRepository.ts
FN:15,ClienteRepository
FN:18,save
FN:28,findById
FN:33,findByEmail
FN:41,findByName
FN:46,create
FNF:6
FNH:4
FNDA:3,ClienteRepository
FNDA:0,save
FNDA:0,findById
FNDA:4,findByEmail
FNDA:1,findByName
FNDA:4,create
DA:1,1
DA:2,1
DA:3,1
DA:4,1
DA:5,1
DA:6,1
DA:7,1
DA:8,1
DA:9,1
DA:10,1
DA:11,1
DA:12,1
DA:13,1
DA:14,1
DA:15,3
DA:16,3
DA:17,3
DA:18,3
DA:19,0
DA:20,0
DA:21,0
DA:22,0
DA:23,0
DA:24,0
DA:25,0
DA:26,0
DA:27,3
DA:28,3
DA:29,0
DA:30,0
DA:31,0
DA:32,0
DA:33,3
DA:34,4
DA:35,4
DA:36,4
DA:37,4
DA:38,4
DA:39,4
DA:40,3
DA:41,3
DA:42,1
DA:43,1
DA:44,1
DA:45,3
DA:46,3
DA:47,4
DA:48,4
DA:49,4
DA:50,4
DA:51,3
DA:52,3
DA:53,3
DA:54,3
DA:55,3
DA:56,3
DA:57,3
DA:58,3
DA:59,3
DA:60,3
DA:61,3
DA:62,3
DA:63,3
DA:64,1
DA:65,1
LF:65
LH:53
BRDA:15,0,0,3
BRDA:33,1,0,4
BRDA:35,2,0,1
BRDA:41,3,0,1
BRDA:43,4,0,0
BRDA:42,5,0,1
BRDA:46,6,0,4
BRDA:50,7,0,1
BRDA:51,8,0,3
BRF:9
BRH:8
end_of_record
TN:
SF:src\repositórios\PropagandaRepository.ts
FN:11,PropagandaRepository
FN:14,save
FN:24,findById
FN:32,findByImagem
FN:40,findAll
FN:46,updateEmpresa
FN:52,updateImagem
FN:58,updateData
FN:64,create
FNF:9
FNH:7
FNDA:6,PropagandaRepository
FNDA:0,save
FNDA:0,findById
FNDA:9,findByImagem
FNDA:1,findAll
FNDA:1,updateEmpresa
FNDA:1,updateImagem
FNDA:1,updateData
FNDA:9,create
DA:1,1
DA:2,1
DA:3,1
DA:4,1
DA:5,1
DA:6,1
DA:7,1
DA:8,1
DA:9,1
DA:10,1
DA:11,6
DA:12,6
DA:13,6
DA:14,6
DA:15,0
DA:16,0
DA:17,0
DA:18,0
DA:19,0
DA:20,0
DA:21,0
DA:22,0
DA:23,6
DA:24,6
DA:25,0
DA:26,0
DA:27,0
DA:28,0
DA:29,0
DA:30,0
DA:31,6
DA:32,6
DA:33,9
DA:34,9
DA:35,9
DA:36,9
DA:37,9
DA:38,9
DA:39,6
DA:40,6
DA:41,1
DA:42,1
DA:43,1
DA:44,1
DA:45,6
DA:46,6
DA:47,1
DA:48,1
DA:49,1
DA:50,1
DA:51,6
DA:52,6
DA:53,1
DA:54,1
DA:55,1
DA:56,1
DA:57,6
DA:58,6
DA:59,1
DA:60,1
DA:61,1
DA:62,1
DA:63,6
DA:64,6
DA:65,9
DA:66,9
DA:67,9
DA:68,9
DA:69,9
DA:70,9
DA:71,8
DA:72,8
DA:73,8
DA:74,8
DA:75,8
DA:76,8
DA:77,8
DA:78,8
DA:79,8
DA:80,8
DA:81,8
DA:82,8
DA:83,6
DA:84,1
DA:85,1
LF:85
LH:71
BRDA:11,0,0,6
BRDA:32,1,0,9
BRDA:34,2,0,4
BRDA:40,3,0,1
BRDA:46,4,0,1
BRDA:47,5,0,1
BRDA:52,6,0,1
BRDA:53,7,0,1
BRDA:58,8,0,1
BRDA:59,9,0,1
BRDA:64,10,0,9
BRDA:70,11,0,1
BRDA:71,12,0,8
BRF:13
BRH:13
end_of_record
